<?xml version="1.0" encoding="UTF-8"?>
<testsuite xmlns:xsi="http://www.w3.org/2001/XMLSchema-instance" xsi:noNamespaceSchemaLocation="https://maven.apache.org/surefire/maven-surefire-plugin/xsd/surefire-test-report-3.0.xsd" version="3.0" name="BlackBoxTest" time="0.076" tests="3" errors="0" skipped="0" failures="0">
  <properties>
[...]
</properties>
  <testcase name="testResetGame" classname="BlackBoxTest" time="0.034"/>
  <testcase name="testBoardInitialization" classname="BlackBoxTest" time="0.004"/>
  <testcase name="testGameCompletionCheck" classname="BlackBoxTest" time="0.005"/>
</testsuite>